<?xml version="1.0" encoding="UTF-8"?>
<testng-results ignored="0" total="2" passed="2" failed="0" skipped="0">
  <reporter-output>
  </reporter-output>
  <suite started-at="2021-04-19T19:50:44Z" name="nopCommerce" finished-at="2021-04-19T19:51:53Z" duration-ms="69554">
    <groups>
    </groups>
    <test started-at="2021-04-19T19:50:44Z" name="Test1" finished-at="2021-04-19T19:51:53Z" duration-ms="69554">
      <class name="com.nopCommerce.testCases.TC_AddCustomerTest_003">
        <test-method is-config="true" signature="setUp(java.lang.String)[pri:0, instance:com.nopCommerce.testCases.TC_AddCustomerTest_003@3098cf3b]" started-at="2021-04-19T19:51:20Z" name="setUp" finished-at="2021-04-19T19:51:21Z" duration-ms="1378" status="PASS">
          <params>
            <param index="0">
              <value>
                <![CDATA[chrome]]>
              </value>
            </param>
          </params>
          <reporter-output>
          </reporter-output>
        </test-method> <!-- setUp -->
        <test-method signature="addNewCustomer()[pri:0, instance:com.nopCommerce.testCases.TC_AddCustomerTest_003@3098cf3b]" started-at="2021-04-19T19:51:21Z" name="addNewCustomer" finished-at="2021-04-19T19:51:53Z" duration-ms="31684" status="PASS">
          <reporter-output>
          </reporter-output>
        </test-method> <!-- addNewCustomer -->
        <test-method is-config="true" signature="tearDown()[pri:0, instance:com.nopCommerce.testCases.TC_AddCustomerTest_003@3098cf3b]" started-at="2021-04-19T19:51:53Z" name="tearDown" finished-at="2021-04-19T19:51:53Z" duration-ms="757" status="PASS">
          <reporter-output>
          </reporter-output>
        </test-method> <!-- tearDown -->
      </class> <!-- com.nopCommerce.testCases.TC_AddCustomerTest_003 -->
      <class name="com.nopCommerce.testCases.TC_LoginTest_001">
        <test-method is-config="true" signature="setUp(java.lang.String)[pri:0, instance:com.nopCommerce.testCases.TC_LoginTest_001@175b9425]" started-at="2021-04-19T19:50:44Z" name="setUp" finished-at="2021-04-19T19:50:46Z" duration-ms="2362" status="PASS">
          <params>
            <param index="0">
              <value>
                <![CDATA[chrome]]>
              </value>
            </param>
          </params>
          <reporter-output>
          </reporter-output>
        </test-method> <!-- setUp -->
        <test-method signature="loginTest()[pri:0, instance:com.nopCommerce.testCases.TC_LoginTest_001@175b9425]" started-at="2021-04-19T19:50:46Z" name="loginTest" finished-at="2021-04-19T19:51:19Z" duration-ms="32621" status="PASS">
          <reporter-output>
          </reporter-output>
        </test-method> <!-- loginTest -->
        <test-method is-config="true" signature="tearDown()[pri:0, instance:com.nopCommerce.testCases.TC_LoginTest_001@175b9425]" started-at="2021-04-19T19:51:19Z" name="tearDown" finished-at="2021-04-19T19:51:20Z" duration-ms="726" status="PASS">
          <reporter-output>
          </reporter-output>
        </test-method> <!-- tearDown -->
      </class> <!-- com.nopCommerce.testCases.TC_LoginTest_001 -->
    </test> <!-- Test1 -->
  </suite> <!-- nopCommerce -->
</testng-results>
