<?xml version="1.0" encoding="UTF-8"?>
<testng-results ignored="0" total="2" passed="2" failed="0" skipped="0">
  <reporter-output>
  </reporter-output>
  <suite started-at="2021-04-17T14:03:27Z" name="nopCommerce" finished-at="2021-04-17T14:04:30Z" duration-ms="63334">
    <groups>
    </groups>
    <test started-at="2021-04-17T14:03:27Z" name="Test1" finished-at="2021-04-17T14:04:30Z" duration-ms="63334">
      <class name="com.nopCommerce.testCases.TC_AddCustomerTest_003">
        <test-method is-config="true" signature="setUp(java.lang.String)[pri:0, instance:com.nopCommerce.testCases.TC_AddCustomerTest_003@3098cf3b]" started-at="2021-04-17T14:03:54Z" name="setUp" finished-at="2021-04-17T14:03:56Z" duration-ms="1302" status="PASS">
          <params>
            <param index="0">
              <value>
                <![CDATA[chrome]]>
              </value>
            </param>
          </params>
          <reporter-output>
          </reporter-output>
        </test-method> <!-- setUp -->
        <test-method signature="addNewCustomer()[pri:0, instance:com.nopCommerce.testCases.TC_AddCustomerTest_003@3098cf3b]" started-at="2021-04-17T14:03:56Z" name="addNewCustomer" finished-at="2021-04-17T14:04:29Z" duration-ms="33469" status="PASS">
          <reporter-output>
          </reporter-output>
        </test-method> <!-- addNewCustomer -->
        <test-method is-config="true" signature="tearDown()[pri:0, instance:com.nopCommerce.testCases.TC_AddCustomerTest_003@3098cf3b]" started-at="2021-04-17T14:04:29Z" name="tearDown" finished-at="2021-04-17T14:04:30Z" duration-ms="753" status="PASS">
          <reporter-output>
          </reporter-output>
        </test-method> <!-- tearDown -->
      </class> <!-- com.nopCommerce.testCases.TC_AddCustomerTest_003 -->
      <class name="com.nopCommerce.testCases.TC_LoginTest_001">
        <test-method is-config="true" signature="setUp(java.lang.String)[pri:0, instance:com.nopCommerce.testCases.TC_LoginTest_001@175b9425]" started-at="2021-04-17T14:03:27Z" name="setUp" finished-at="2021-04-17T14:03:29Z" duration-ms="2025" status="PASS">
          <params>
            <param index="0">
              <value>
                <![CDATA[chrome]]>
              </value>
            </param>
          </params>
          <reporter-output>
          </reporter-output>
        </test-method> <!-- setUp -->
        <test-method signature="loginTest()[pri:0, instance:com.nopCommerce.testCases.TC_LoginTest_001@175b9425]" started-at="2021-04-17T14:03:29Z" name="loginTest" finished-at="2021-04-17T14:03:54Z" duration-ms="25040" status="PASS">
          <reporter-output>
          </reporter-output>
        </test-method> <!-- loginTest -->
        <test-method is-config="true" signature="tearDown()[pri:0, instance:com.nopCommerce.testCases.TC_LoginTest_001@175b9425]" started-at="2021-04-17T14:03:54Z" name="tearDown" finished-at="2021-04-17T14:03:54Z" duration-ms="716" status="PASS">
          <reporter-output>
          </reporter-output>
        </test-method> <!-- tearDown -->
      </class> <!-- com.nopCommerce.testCases.TC_LoginTest_001 -->
    </test> <!-- Test1 -->
  </suite> <!-- nopCommerce -->
</testng-results>
